TN:
SF:src/app/app.js
FN:1,(anonymous_0)
FN:9,configure
FN:74,runBlock
FN:75,(anonymous_3)
FNF:4
FNH:4
FNDA:1,(anonymous_0)
FNDA:1,configure
FNDA:1,runBlock
FNDA:3,(anonymous_3)
DA:1,1
DA:4,1
DA:11,1
DA:13,1
DA:71,1
DA:75,1
DA:76,3
DA:77,3
DA:78,1
DA:79,1
DA:84,1
DA:85,1
LF:12
LH:12
BRDA:77,0,0,1
BRDA:77,0,1,2
BRDA:77,1,0,3
BRDA:77,1,1,2
BRDA:77,1,2,1
BRF:5
BRH:5
end_of_record
TN:
SF:src/app/controllers/activity.controller.js
FN:1,(anonymous_0)
FN:6,ActivityController
FN:14,(anonymous_2)
FN:17,(anonymous_3)
FNF:4
FNH:1
FNDA:1,(anonymous_0)
FNDA:0,ActivityController
FNDA:0,(anonymous_2)
FNDA:0,(anonymous_3)
DA:1,1
DA:4,1
DA:7,0
DA:8,0
DA:9,0
DA:11,0
DA:12,0
DA:15,0
DA:18,0
DA:22,1
LF:10
LH:3
BRF:0
BRH:0
end_of_record
TN:
SF:src/app/controllers/admin.controller.js
FN:1,(anonymous_0)
FN:6,AdminController
FN:11,(anonymous_2)
FN:15,(anonymous_3)
FN:18,(anonymous_4)
FNF:5
FNH:1
FNDA:1,(anonymous_0)
FNDA:0,AdminController
FNDA:0,(anonymous_2)
FNDA:0,(anonymous_3)
FNDA:0,(anonymous_4)
DA:1,1
DA:4,1
DA:7,0
DA:8,0
DA:9,0
DA:11,0
DA:12,0
DA:13,0
DA:16,0
DA:19,0
DA:23,0
DA:26,1
LF:12
LH:3
BRF:0
BRH:0
end_of_record
TN:
SF:src/app/controllers/application-detail.controller.js
FN:1,(anonymous_0)
FN:6,ApplicationDetailController
FN:41,(anonymous_2)
FN:45,(anonymous_3)
FN:49,(anonymous_4)
FN:63,(anonymous_5)
FN:68,(anonymous_6)
FN:78,(anonymous_7)
FN:82,(anonymous_8)
FN:87,(anonymous_9)
FN:97,(anonymous_10)
FN:103,(anonymous_11)
FN:106,(anonymous_12)
FN:111,(anonymous_13)
FN:119,(anonymous_14)
FN:124,(anonymous_15)
FN:127,(anonymous_16)
FN:132,(anonymous_17)
FN:146,(anonymous_18)
FN:152,(anonymous_19)
FN:154,(anonymous_20)
FN:158,(anonymous_21)
FN:163,(anonymous_22)
FN:173,(anonymous_23)
FN:178,(anonymous_24)
FN:179,(anonymous_25)
FN:183,(anonymous_26)
FN:188,(anonymous_27)
FN:200,(anonymous_28)
FN:206,(anonymous_29)
FN:208,(anonymous_30)
FN:212,(anonymous_31)
FN:217,(anonymous_32)
FN:220,(anonymous_33)
FN:224,(anonymous_34)
FN:229,(anonymous_35)
FN:237,(anonymous_36)
FN:240,(anonymous_37)
FN:244,(anonymous_38)
FN:247,(anonymous_39)
FN:252,(anonymous_40)
FN:259,(anonymous_41)
FN:264,(anonymous_42)
FN:267,(anonymous_43)
FN:272,(anonymous_44)
FN:277,(anonymous_45)
FN:283,(anonymous_46)
FN:285,(anonymous_47)
FN:289,(anonymous_48)
FN:294,(anonymous_49)
FN:304,(anonymous_50)
FN:309,(anonymous_51)
FN:312,(anonymous_52)
FN:317,(anonymous_53)
FN:322,(anonymous_54)
FN:328,(anonymous_55)
FN:330,(anonymous_56)
FN:334,(anonymous_57)
FN:339,defaultInterviewForm
FN:351,defaultReminderForm
FN:361,defaultContactForm
FN:374,defaultOfferForm
FN:388,extractError
FN:392,normalizeNumber
FN:399,toLocalDateTime
FN:411,toInstant
FNF:66
FNH:1
FNDA:1,(anonymous_0)
FNDA:0,ApplicationDetailController
FNDA:0,(anonymous_2)
FNDA:0,(anonymous_3)
FNDA:0,(anonymous_4)
FNDA:0,(anonymous_5)
FNDA:0,(anonymous_6)
FNDA:0,(anonymous_7)
FNDA:0,(anonymous_8)
FNDA:0,(anonymous_9)
FNDA:0,(anonymous_10)
FNDA:0,(anonymous_11)
FNDA:0,(anonymous_12)
FNDA:0,(anonymous_13)
FNDA:0,(anonymous_14)
FNDA:0,(anonymous_15)
FNDA:0,(anonymous_16)
FNDA:0,(anonymous_17)
FNDA:0,(anonymous_18)
FNDA:0,(anonymous_19)
FNDA:0,(anonymous_20)
FNDA:0,(anonymous_21)
FNDA:0,(anonymous_22)
FNDA:0,(anonymous_23)
FNDA:0,(anonymous_24)
FNDA:0,(anonymous_25)
FNDA:0,(anonymous_26)
FNDA:0,(anonymous_27)
FNDA:0,(anonymous_28)
FNDA:0,(anonymous_29)
FNDA:0,(anonymous_30)
FNDA:0,(anonymous_31)
FNDA:0,(anonymous_32)
FNDA:0,(anonymous_33)
FNDA:0,(anonymous_34)
FNDA:0,(anonymous_35)
FNDA:0,(anonymous_36)
FNDA:0,(anonymous_37)
FNDA:0,(anonymous_38)
FNDA:0,(anonymous_39)
FNDA:0,(anonymous_40)
FNDA:0,(anonymous_41)
FNDA:0,(anonymous_42)
FNDA:0,(anonymous_43)
FNDA:0,(anonymous_44)
FNDA:0,(anonymous_45)
FNDA:0,(anonymous_46)
FNDA:0,(anonymous_47)
FNDA:0,(anonymous_48)
FNDA:0,(anonymous_49)
FNDA:0,(anonymous_50)
FNDA:0,(anonymous_51)
FNDA:0,(anonymous_52)
FNDA:0,(anonymous_53)
FNDA:0,(anonymous_54)
FNDA:0,(anonymous_55)
FNDA:0,(anonymous_56)
FNDA:0,(anonymous_57)
FNDA:0,defaultInterviewForm
FNDA:0,defaultReminderForm
FNDA:0,defaultContactForm
FNDA:0,defaultOfferForm
FNDA:0,extractError
FNDA:0,normalizeNumber
FNDA:0,toLocalDateTime
FNDA:0,toInstant
DA:1,1
DA:4,1
DA:7,0
DA:9,0
DA:10,0
DA:11,0
DA:13,0
DA:14,0
DA:15,0
DA:17,0
DA:18,0
DA:19,0
DA:20,0
DA:21,0
DA:22,0
DA:24,0
DA:33,0
DA:35,0
DA:36,0
DA:37,0
DA:38,0
DA:39,0
DA:41,0
DA:42,0
DA:45,0
DA:46,0
DA:49,0
DA:50,0
DA:51,0
DA:64,0
DA:65,0
DA:66,0
DA:67,0
DA:68,0
DA:69,0
DA:71,0
DA:72,0
DA:73,0
DA:74,0
DA:76,0
DA:79,0
DA:80,0
DA:83,0
DA:87,0
DA:88,0
DA:89,0
DA:92,0
DA:98,0
DA:99,0
DA:100,0
DA:101,0
DA:104,0
DA:107,0
DA:111,0
DA:112,0
DA:113,0
DA:114,0
DA:118,0
DA:120,0
DA:121,0
DA:122,0
DA:125,0
DA:128,0
DA:132,0
DA:133,0
DA:143,0
DA:146,0
DA:147,0
DA:148,0
DA:150,0
DA:153,0
DA:154,0
DA:155,0
DA:159,0
DA:163,0
DA:164,0
DA:165,0
DA:166,0
DA:168,0
DA:172,0
DA:174,0
DA:175,0
DA:176,0
DA:179,0
DA:180,0
DA:184,0
DA:188,0
DA:189,0
DA:197,0
DA:200,0
DA:201,0
DA:202,0
DA:204,0
DA:207,0
DA:208,0
DA:209,0
DA:213,0
DA:217,0
DA:218,0
DA:221,0
DA:222,0
DA:225,0
DA:229,0
DA:230,0
DA:234,0
DA:237,0
DA:238,0
DA:241,0
DA:242,0
DA:245,0
DA:248,0
DA:252,0
DA:253,0
DA:254,0
DA:258,0
DA:260,0
DA:261,0
DA:262,0
DA:265,0
DA:268,0
DA:272,0
DA:273,0
DA:274,0
DA:277,0
DA:278,0
DA:279,0
DA:281,0
DA:284,0
DA:285,0
DA:286,0
DA:290,0
DA:294,0
DA:295,0
DA:296,0
DA:297,0
DA:298,0
DA:299,0
DA:303,0
DA:305,0
DA:306,0
DA:307,0
DA:310,0
DA:313,0
DA:317,0
DA:318,0
DA:319,0
DA:322,0
DA:323,0
DA:324,0
DA:326,0
DA:329,0
DA:330,0
DA:331,0
DA:335,0
DA:340,0
DA:352,0
DA:362,0
DA:375,0
DA:389,0
DA:393,0
DA:394,0
DA:396,0
DA:400,0
DA:401,0
DA:403,0
DA:404,0
DA:405,0
DA:407,0
DA:408,0
DA:412,0
DA:413,0
DA:415,0
DA:416,0
DA:417,0
DA:419,0
DA:422,0
DA:425,1
LF:177
LH:3
BRDA:65,0,0,0
BRDA:65,0,1,0
BRDA:66,1,0,0
BRDA:66,1,1,0
BRDA:67,2,0,0
BRDA:67,2,1,0
BRDA:68,3,0,0
BRDA:68,3,1,0
BRDA:71,4,0,0
BRDA:71,4,1,0
BRDA:72,5,0,0
BRDA:72,5,1,0
BRDA:73,6,0,0
BRDA:73,6,1,0
BRDA:74,7,0,0
BRDA:74,7,1,0
BRDA:76,8,0,0
BRDA:76,8,1,0
BRDA:76,9,0,0
BRDA:76,9,1,0
BRDA:79,10,0,0
BRDA:79,10,1,0
BRDA:88,11,0,0
BRDA:88,11,1,0
BRDA:95,12,0,0
BRDA:95,12,1,0
BRDA:104,13,0,0
BRDA:104,13,1,0
BRDA:107,14,0,0
BRDA:107,14,1,0
BRDA:114,15,0,0
BRDA:114,15,1,0
BRDA:120,16,0,0
BRDA:120,16,1,0
BRDA:125,17,0,0
BRDA:125,17,1,0
BRDA:128,18,0,0
BRDA:128,18,1,0
BRDA:147,19,0,0
BRDA:147,19,1,0
BRDA:159,20,0,0
BRDA:159,20,1,0
BRDA:168,21,0,0
BRDA:168,21,1,0
BRDA:174,22,0,0
BRDA:174,22,1,0
BRDA:179,23,0,0
BRDA:179,23,1,0
BRDA:184,24,0,0
BRDA:184,24,1,0
BRDA:201,25,0,0
BRDA:201,25,1,0
BRDA:213,26,0,0
BRDA:213,26,1,0
BRDA:221,27,0,0
BRDA:221,27,1,0
BRDA:225,28,0,0
BRDA:225,28,1,0
BRDA:232,29,0,0
BRDA:232,29,1,0
BRDA:245,30,0,0
BRDA:245,30,1,0
BRDA:248,31,0,0
BRDA:248,31,1,0
BRDA:254,32,0,0
BRDA:254,32,1,0
BRDA:260,33,0,0
BRDA:260,33,1,0
BRDA:265,34,0,0
BRDA:265,34,1,0
BRDA:268,35,0,0
BRDA:268,35,1,0
BRDA:278,36,0,0
BRDA:278,36,1,0
BRDA:290,37,0,0
BRDA:290,37,1,0
BRDA:299,38,0,0
BRDA:299,38,1,0
BRDA:305,39,0,0
BRDA:305,39,1,0
BRDA:310,40,0,0
BRDA:310,40,1,0
BRDA:313,41,0,0
BRDA:313,41,1,0
BRDA:323,42,0,0
BRDA:323,42,1,0
BRDA:335,43,0,0
BRDA:335,43,1,0
BRDA:389,44,0,0
BRDA:389,44,1,0
BRDA:389,45,0,0
BRDA:389,45,1,0
BRDA:389,45,2,0
BRDA:393,46,0,0
BRDA:393,46,1,0
BRDA:393,47,0,0
BRDA:393,47,1,0
BRDA:393,47,2,0
BRDA:400,48,0,0
BRDA:400,48,1,0
BRDA:404,49,0,0
BRDA:404,49,1,0
BRDA:412,50,0,0
BRDA:412,50,1,0
BRDA:416,51,0,0
BRDA:416,51,1,0
BRF:106
BRH:0
end_of_record
TN:
SF:src/app/controllers/application-form.controller.js
FN:1,(anonymous_0)
FN:8,ApplicationFormController
FN:37,(anonymous_2)
FN:49,(anonymous_3)
FN:53,(anonymous_4)
FN:58,(anonymous_5)
FN:62,(anonymous_6)
FN:63,(anonymous_7)
FN:71,extractError
FN:81,(anonymous_9)
FN:103,(anonymous_10)
FN:107,(anonymous_11)
FNF:12
FNH:1
FNDA:1,(anonymous_0)
FNDA:0,ApplicationFormController
FNDA:0,(anonymous_2)
FNDA:0,(anonymous_3)
FNDA:0,(anonymous_4)
FNDA:0,(anonymous_5)
FNDA:0,(anonymous_6)
FNDA:0,(anonymous_7)
FNDA:0,extractError
FNDA:0,(anonymous_9)
FNDA:0,(anonymous_10)
FNDA:0,(anonymous_11)
DA:1,1
DA:4,1
DA:9,0
DA:10,0
DA:11,0
DA:12,0
DA:14,0
DA:33,0
DA:34,0
DA:35,0
DA:37,0
DA:38,0
DA:39,0
DA:40,0
DA:44,0
DA:48,0
DA:50,0
DA:51,0
DA:54,0
DA:58,0
DA:59,0
DA:62,0
DA:63,0
DA:64,0
DA:65,0
DA:66,0
DA:72,0
DA:75,0
DA:77,0
DA:78,0
DA:79,0
DA:82,0
DA:83,0
DA:84,0
DA:85,0
DA:86,0
DA:87,0
DA:88,0
DA:89,0
DA:90,0
DA:91,0
DA:92,0
DA:93,0
DA:94,0
DA:98,0
DA:99,0
DA:100,0
DA:101,0
DA:104,0
DA:105,0
DA:108,0
DA:113,1
LF:52
LH:3
BRDA:39,0,0,0
BRDA:39,0,1,0
BRDA:40,1,0,0
BRDA:40,1,1,0
BRDA:40,2,0,0
BRDA:40,2,1,0
BRDA:44,3,0,0
BRDA:44,3,1,0
BRDA:50,4,0,0
BRDA:50,4,1,0
BRDA:54,5,0,0
BRDA:54,5,1,0
BRDA:64,6,0,0
BRDA:64,6,1,0
BRDA:65,7,0,0
BRDA:65,7,1,0
BRDA:65,8,0,0
BRDA:65,8,1,0
BRDA:72,9,0,0
BRDA:72,9,1,0
BRDA:72,10,0,0
BRDA:72,10,1,0
BRDA:72,10,2,0
BRDA:77,11,0,0
BRDA:77,11,1,0
BRDA:83,12,0,0
BRDA:83,12,1,0
BRDA:84,13,0,0
BRDA:84,13,1,0
BRDA:85,14,0,0
BRDA:85,14,1,0
BRDA:86,15,0,0
BRDA:86,15,1,0
BRDA:87,16,0,0
BRDA:87,16,1,0
BRDA:88,17,0,0
BRDA:88,17,1,0
BRDA:89,18,0,0
BRDA:89,18,1,0
BRDA:90,19,0,0
BRDA:90,19,1,0
BRDA:91,20,0,0
BRDA:91,20,1,0
BRDA:92,21,0,0
BRDA:92,21,1,0
BRDA:93,22,0,0
BRDA:93,22,1,0
BRDA:95,23,0,0
BRDA:95,23,1,0
BRDA:95,24,0,0
BRDA:95,24,1,0
BRDA:98,25,0,0
BRDA:98,25,1,0
BRDA:99,26,0,0
BRDA:99,26,1,0
BRDA:100,27,0,0
BRDA:100,27,1,0
BRDA:101,28,0,0
BRDA:101,28,1,0
BRDA:104,29,0,0
BRDA:104,29,1,0
BRF:61
BRH:0
end_of_record
TN:
SF:src/app/controllers/applications.controller.js
FN:1,(anonymous_0)
FN:6,ApplicationsController
FN:31,(anonymous_2)
FN:50,(anonymous_3)
FN:58,(anonymous_4)
FN:61,(anonymous_5)
FN:64,(anonymous_6)
FN:69,(anonymous_7)
FN:72,(anonymous_8)
FN:75,(anonymous_9)
FN:80,(anonymous_10)
FN:85,(anonymous_11)
FN:101,(anonymous_12)
FN:109,(anonymous_13)
FN:117,(anonymous_14)
FN:121,(anonymous_15)
FN:125,(anonymous_16)
FN:131,(anonymous_17)
FN:135,(anonymous_18)
FN:140,(anonymous_19)
FN:143,(anonymous_20)
FN:147,(anonymous_21)
FN:152,(anonymous_22)
FN:162,(anonymous_23)
FN:169,(anonymous_24)
FN:174,extractError
FNF:26
FNH:9
FNDA:1,(anonymous_0)
FNDA:1,ApplicationsController
FNDA:1,(anonymous_2)
FNDA:1,(anonymous_3)
FNDA:1,(anonymous_4)
FNDA:0,(anonymous_5)
FNDA:1,(anonymous_6)
FNDA:1,(anonymous_7)
FNDA:1,(anonymous_8)
FNDA:0,(anonymous_9)
FNDA:0,(anonymous_10)
FNDA:0,(anonymous_11)
FNDA:0,(anonymous_12)
FNDA:0,(anonymous_13)
FNDA:0,(anonymous_14)
FNDA:0,(anonymous_15)
FNDA:0,(anonymous_16)
FNDA:0,(anonymous_17)
FNDA:0,(anonymous_18)
FNDA:0,(anonymous_19)
FNDA:0,(anonymous_20)
FNDA:0,(anonymous_21)
FNDA:1,(anonymous_22)
FNDA:0,(anonymous_23)
FNDA:0,(anonymous_24)
FNDA:0,extractError
DA:1,1
DA:4,1
DA:7,1
DA:9,1
DA:10,1
DA:11,1
DA:12,1
DA:14,1
DA:15,1
DA:16,1
DA:17,1
DA:19,1
DA:20,1
DA:31,1
DA:32,1
DA:34,1
DA:48,1
DA:51,1
DA:52,1
DA:53,1
DA:54,1
DA:55,1
DA:56,1
DA:59,1
DA:62,0
DA:65,1
DA:69,1
DA:70,1
DA:73,1
DA:76,0
DA:80,1
DA:81,0
DA:82,0
DA:85,1
DA:86,0
DA:96,0
DA:97,0
DA:98,0
DA:101,1
DA:102,0
DA:103,0
DA:105,0
DA:106,0
DA:109,1
DA:110,0
DA:111,0
DA:113,0
DA:114,0
DA:117,1
DA:118,0
DA:121,1
DA:122,0
DA:125,1
DA:126,0
DA:127,0
DA:129,0
DA:132,0
DA:133,0
DA:136,0
DA:140,1
DA:141,0
DA:144,0
DA:145,0
DA:148,0
DA:152,1
DA:153,1
DA:154,1
DA:155,0
DA:156,0
DA:157,0
DA:158,0
DA:159,0
DA:162,1
DA:163,0
DA:164,0
DA:165,0
DA:166,0
DA:169,1
DA:170,0
DA:171,0
DA:175,0
DA:176,0
DA:178,0
DA:181,1
DA:182,1
DA:185,1
LF:86
LH:44
BRDA:37,0,0,1
BRDA:37,0,1,1
BRDA:38,1,0,1
BRDA:38,1,1,1
BRDA:39,2,0,1
BRDA:39,2,1,1
BRDA:40,3,0,1
BRDA:40,3,1,1
BRDA:41,4,0,1
BRDA:41,4,1,0
BRDA:42,5,0,1
BRDA:42,5,1,1
BRDA:51,6,0,1
BRDA:51,6,1,0
BRDA:52,7,0,1
BRDA:52,7,1,0
BRDA:53,8,0,1
BRDA:53,8,1,1
BRDA:54,9,0,1
BRDA:54,9,1,0
BRDA:59,10,0,1
BRDA:59,10,1,0
BRDA:62,11,0,0
BRDA:62,11,1,0
BRDA:73,12,0,1
BRDA:73,12,1,0
BRDA:102,13,0,0
BRDA:102,13,1,0
BRDA:110,14,0,0
BRDA:110,14,1,0
BRDA:126,15,0,0
BRDA:126,15,1,0
BRDA:136,16,0,0
BRDA:136,16,1,0
BRDA:148,17,0,0
BRDA:148,17,1,0
BRDA:153,18,0,1
BRDA:153,18,1,1
BRDA:153,18,2,0
BRDA:154,19,0,1
BRDA:154,19,1,0
BRDA:155,20,0,0
BRDA:155,20,1,0
BRDA:156,21,0,0
BRDA:156,21,1,0
BRDA:157,22,0,0
BRDA:157,22,1,0
BRDA:158,23,0,0
BRDA:158,23,1,0
BRDA:163,24,0,0
BRDA:163,24,1,0
BRDA:164,25,0,0
BRDA:164,25,1,0
BRDA:165,26,0,0
BRDA:165,26,1,0
BRDA:175,27,0,0
BRDA:175,27,1,0
BRDA:175,28,0,0
BRDA:175,28,1,0
BRDA:178,29,0,0
BRDA:178,29,1,0
BRF:61
BRH:21
end_of_record
TN:
SF:src/app/controllers/dashboard.controller.js
FN:1,(anonymous_0)
FN:6,DashboardController
FN:14,(anonymous_2)
FN:23,(anonymous_3)
FN:29,(anonymous_4)
FN:32,(anonymous_5)
FN:37,(anonymous_6)
FN:43,(anonymous_7)
FN:49,(anonymous_8)
FN:55,(anonymous_9)
FN:61,extractError
FNF:11
FNH:1
FNDA:1,(anonymous_0)
FNDA:0,DashboardController
FNDA:0,(anonymous_2)
FNDA:0,(anonymous_3)
FNDA:0,(anonymous_4)
FNDA:0,(anonymous_5)
FNDA:0,(anonymous_6)
FNDA:0,(anonymous_7)
FNDA:0,(anonymous_8)
FNDA:0,(anonymous_9)
FNDA:0,extractError
DA:1,1
DA:4,1
DA:7,0
DA:8,0
DA:9,0
DA:10,0
DA:11,0
DA:12,0
DA:14,0
DA:15,0
DA:17,0
DA:24,0
DA:25,0
DA:26,0
DA:27,0
DA:30,0
DA:33,0
DA:37,0
DA:38,0
DA:39,0
DA:41,0
DA:44,0
DA:49,0
DA:50,0
DA:51,0
DA:53,0
DA:56,0
DA:62,0
DA:65,0
DA:68,1
LF:30
LH:3
BRDA:25,0,0,0
BRDA:25,0,1,0
BRDA:26,1,0,0
BRDA:26,1,1,0
BRDA:27,2,0,0
BRDA:27,2,1,0
BRDA:30,3,0,0
BRDA:30,3,1,0
BRDA:38,4,0,0
BRDA:38,4,1,0
BRDA:38,5,0,0
BRDA:38,5,1,0
BRDA:41,6,0,0
BRDA:41,6,1,0
BRDA:50,7,0,0
BRDA:50,7,1,0
BRDA:50,8,0,0
BRDA:50,8,1,0
BRDA:53,9,0,0
BRDA:53,9,1,0
BRDA:62,10,0,0
BRDA:62,10,1,0
BRDA:62,11,0,0
BRDA:62,11,1,0
BRDA:62,11,2,0
BRF:25
BRH:0
end_of_record
TN:
SF:src/app/controllers/forgot-password.controller.js
FN:1,(anonymous_0)
FN:6,ForgotPasswordController
FN:12,(anonymous_2)
FN:23,(anonymous_3)
FN:27,(anonymous_4)
FN:32,(anonymous_5)
FN:43,(anonymous_6)
FN:47,(anonymous_7)
FNF:8
FNH:1
FNDA:1,(anonymous_0)
FNDA:0,ForgotPasswordController
FNDA:0,(anonymous_2)
FNDA:0,(anonymous_3)
FNDA:0,(anonymous_4)
FNDA:0,(anonymous_5)
FNDA:0,(anonymous_6)
FNDA:0,(anonymous_7)
DA:1,1
DA:4,1
DA:7,0
DA:8,0
DA:9,0
DA:10,0
DA:12,0
DA:13,0
DA:14,0
DA:16,0
DA:17,0
DA:18,0
DA:21,0
DA:24,0
DA:25,0
DA:28,0
DA:32,0
DA:33,0
DA:34,0
DA:36,0
DA:37,0
DA:38,0
DA:41,0
DA:44,0
DA:45,0
DA:48,0
DA:53,1
LF:27
LH:3
BRDA:16,0,0,0
BRDA:16,0,1,0
BRDA:28,1,0,0
BRDA:28,1,1,0
BRDA:28,1,2,0
BRDA:28,1,3,0
BRDA:36,2,0,0
BRDA:36,2,1,0
BRDA:36,3,0,0
BRDA:36,3,1,0
BRDA:48,4,0,0
BRDA:48,4,1,0
BRDA:48,4,2,0
BRDA:48,4,3,0
BRF:14
BRH:0
end_of_record
TN:
SF:src/app/controllers/kanban.controller.js
FN:1,(anonymous_0)
FN:6,KanbanController
FN:12,(anonymous_2)
FN:22,(anonymous_3)
FN:30,(anonymous_4)
FN:34,(anonymous_5)
FN:41,(anonymous_6)
FN:42,(anonymous_7)
FN:50,(anonymous_8)
FN:53,(anonymous_9)
FN:58,(anonymous_10)
FN:62,(anonymous_11)
FN:82,(anonymous_12)
FN:90,(anonymous_13)
FN:96,(anonymous_14)
FN:100,(anonymous_15)
FN:104,moveLocally
FN:105,(anonymous_17)
FN:108,(anonymous_18)
FN:115,(anonymous_19)
FN:129,extractError
FNF:21
FNH:1
FNDA:1,(anonymous_0)
FNDA:0,KanbanController
FNDA:0,(anonymous_2)
FNDA:0,(anonymous_3)
FNDA:0,(anonymous_4)
FNDA:0,(anonymous_5)
FNDA:0,(anonymous_6)
FNDA:0,(anonymous_7)
FNDA:0,(anonymous_8)
FNDA:0,(anonymous_9)
FNDA:0,(anonymous_10)
FNDA:0,(anonymous_11)
FNDA:0,(anonymous_12)
FNDA:0,(anonymous_13)
FNDA:0,(anonymous_14)
FNDA:0,(anonymous_15)
FNDA:0,moveLocally
FNDA:0,(anonymous_17)
FNDA:0,(anonymous_18)
FNDA:0,(anonymous_19)
FNDA:0,extractError
DA:1,1
DA:4,1
DA:7,0
DA:8,0
DA:9,0
DA:10,0
DA:12,0
DA:13,0
DA:14,0
DA:15,0
DA:16,0
DA:17,0
DA:18,0
DA:19,0
DA:22,0
DA:23,0
DA:25,0
DA:31,0
DA:32,0
DA:34,0
DA:35,0
DA:41,0
DA:42,0
DA:43,0
DA:45,0
DA:46,0
DA:51,0
DA:54,0
DA:58,0
DA:59,0
DA:62,0
DA:63,0
DA:64,0
DA:65,0
DA:68,0
DA:69,0
DA:72,0
DA:73,0
DA:74,0
DA:77,0
DA:83,0
DA:84,0
DA:85,0
DA:86,0
DA:87,0
DA:88,0
DA:91,0
DA:92,0
DA:96,0
DA:97,0
DA:100,0
DA:101,0
DA:105,0
DA:106,0
DA:108,0
DA:109,0
DA:111,0
DA:112,0
DA:115,0
DA:116,0
DA:118,0
DA:119,0
DA:122,0
DA:123,0
DA:124,0
DA:126,0
DA:130,0
DA:133,0
DA:136,1
LF:69
LH:3
BRDA:13,0,0,0
BRDA:13,0,1,0
BRDA:14,1,0,0
BRDA:14,1,1,0
BRDA:15,2,0,0
BRDA:15,2,1,0
BRDA:16,3,0,0
BRDA:16,3,1,0
BRDA:17,4,0,0
BRDA:17,4,1,0
BRDA:18,5,0,0
BRDA:18,5,1,0
BRDA:31,6,0,0
BRDA:31,6,1,0
BRDA:32,7,0,0
BRDA:32,7,1,0
BRDA:32,7,2,0
BRDA:43,8,0,0
BRDA:43,8,1,0
BRDA:45,9,0,0
BRDA:45,9,1,0
BRDA:51,10,0,0
BRDA:51,10,1,0
BRDA:63,11,0,0
BRDA:63,11,1,0
BRDA:64,12,0,0
BRDA:64,12,1,0
BRDA:64,13,0,0
BRDA:64,13,1,0
BRDA:64,13,2,0
BRDA:64,13,3,0
BRDA:68,14,0,0
BRDA:68,14,1,0
BRDA:73,15,0,0
BRDA:73,15,1,0
BRDA:91,16,0,0
BRDA:91,16,1,0
BRDA:111,17,0,0
BRDA:111,17,1,0
BRDA:111,18,0,0
BRDA:111,18,1,0
BRDA:118,19,0,0
BRDA:118,19,1,0
BRDA:130,20,0,0
BRDA:130,20,1,0
BRDA:130,21,0,0
BRDA:130,21,1,0
BRDA:130,21,2,0
BRF:48
BRH:0
end_of_record
TN:
SF:src/app/controllers/login.controller.js
FN:1,(anonymous_0)
FN:6,LoginController
FN:12,(anonymous_2)
FN:20,(anonymous_3)
FN:27,(anonymous_4)
FNF:5
FNH:1
FNDA:1,(anonymous_0)
FNDA:0,LoginController
FNDA:0,(anonymous_2)
FNDA:0,(anonymous_3)
FNDA:0,(anonymous_4)
DA:1,1
DA:4,1
DA:7,0
DA:8,0
DA:9,0
DA:10,0
DA:12,0
DA:13,0
DA:14,0
DA:15,0
DA:18,0
DA:21,0
DA:22,0
DA:23,0
DA:25,0
DA:28,0
DA:33,1
LF:17
LH:3
BRDA:13,0,0,0
BRDA:13,0,1,0
BRDA:13,1,0,0
BRDA:13,1,1,0
BRDA:21,2,0,0
BRDA:21,2,1,0
BRDA:28,3,0,0
BRDA:28,3,1,0
BRDA:28,3,2,0
BRDA:28,3,3,0
BRF:10
BRH:0
end_of_record
TN:
SF:src/app/controllers/nav.controller.js
FN:1,(anonymous_0)
FN:6,NavController
FN:13,(anonymous_2)
FNF:3
FNH:1
FNDA:1,(anonymous_0)
FNDA:0,NavController
FNDA:0,(anonymous_2)
DA:1,1
DA:4,1
DA:7,0
DA:9,0
DA:10,0
DA:11,0
DA:13,0
DA:14,0
DA:15,0
DA:19,1
LF:10
LH:3
BRF:0
BRH:0
end_of_record
TN:
SF:src/app/controllers/signup.controller.js
FN:1,(anonymous_0)
FN:6,SignupController
FN:14,(anonymous_2)
FN:33,(anonymous_3)
FN:37,(anonymous_4)
FN:44,(anonymous_5)
FNF:6
FNH:1
FNDA:1,(anonymous_0)
FNDA:0,SignupController
FNDA:0,(anonymous_2)
FNDA:0,(anonymous_3)
FNDA:0,(anonymous_4)
FNDA:0,(anonymous_5)
DA:1,1
DA:4,1
DA:7,0
DA:8,0
DA:9,0
DA:10,0
DA:11,0
DA:12,0
DA:14,0
DA:15,0
DA:17,0
DA:18,0
DA:19,0
DA:22,0
DA:23,0
DA:24,0
DA:27,0
DA:35,0
DA:38,0
DA:39,0
DA:40,0
DA:42,0
DA:45,0
DA:50,1
LF:24
LH:3
BRDA:17,0,0,0
BRDA:17,0,1,0
BRDA:17,1,0,0
BRDA:17,1,1,0
BRDA:17,1,2,0
BRDA:22,2,0,0
BRDA:22,2,1,0
BRDA:38,3,0,0
BRDA:38,3,1,0
BRDA:45,4,0,0
BRDA:45,4,1,0
BRDA:45,4,2,0
BRDA:45,4,3,0
BRF:13
BRH:0
end_of_record
TN:
SF:src/app/directives/kanban-dnd.directive.js
FN:1,(anonymous_0)
FN:9,kanbanDraggable
FN:16,(anonymous_2)
FN:19,handleDragStart
FN:23,(anonymous_4)
FN:31,(anonymous_5)
FN:38,kanbanDropzone
FN:45,(anonymous_7)
FN:46,handleDragOver
FN:51,handleDragLeave
FN:55,handleDrop
FN:66,(anonymous_11)
FN:78,(anonymous_12)
FNF:13
FNH:1
FNDA:1,(anonymous_0)
FNDA:0,kanbanDraggable
FNDA:0,(anonymous_2)
FNDA:0,handleDragStart
FNDA:0,(anonymous_4)
FNDA:0,(anonymous_5)
FNDA:0,kanbanDropzone
FNDA:0,(anonymous_7)
FNDA:0,handleDragOver
FNDA:0,handleDragLeave
FNDA:0,handleDrop
FNDA:0,(anonymous_11)
FNDA:0,(anonymous_12)
DA:1,1
DA:4,1
DA:10,0
DA:17,0
DA:20,0
DA:21,0
DA:22,0
DA:23,0
DA:24,0
DA:29,0
DA:31,0
DA:32,0
DA:39,0
DA:47,0
DA:48,0
DA:52,0
DA:56,0
DA:57,0
DA:59,0
DA:60,0
DA:61,0
DA:63,0
DA:66,0
DA:67,0
DA:74,0
DA:75,0
DA:76,0
DA:78,0
DA:79,0
DA:80,0
DA:81,0
LF:31
LH:2
BRDA:20,0,0,0
BRDA:20,0,1,0
BRDA:22,1,0,0
BRDA:22,1,1,0
BRF:4
BRH:0
end_of_record
TN:
SF:src/app/services/api.service.js
FN:1,(anonymous_0)
FN:8,apiService
FN:11,listApplications
FN:15,getApplication
FN:19,createApplication
FN:23,updateApplication
FN:27,moveApplicationStage
FN:31,deleteApplication
FN:35,restoreApplication
FN:39,getStatusCounts
FN:43,getStageHistory
FN:47,listStages
FN:51,createStage
FN:55,updateStage
FN:59,archiveStage
FN:63,listInterviews
FN:67,createInterview
FN:71,updateInterview
FN:75,deleteInterview
FN:79,listReminders
FN:83,listUpcomingReminders
FN:87,listOverdueReminders
FN:91,createReminder
FN:95,updateReminder
FN:99,deleteReminder
FN:103,getDocuments
FN:107,updateDocuments
FN:111,listNotes
FN:115,upsertNote
FN:119,listContacts
FN:123,createContact
FN:127,updateContact
FN:131,deleteContact
FN:135,listOffers
FN:139,createOffer
FN:143,updateOffer
FN:147,deleteOffer
FN:151,getDashboardSummary
FN:155,getDashboardTrends
FN:159,getActivityLogs
FN:163,registerUser
FN:167,login
FN:171,forgotPassword
FN:175,resetPassword
FN:179,listUsers
FNF:45
FNH:1
FNDA:1,(anonymous_0)
FNDA:0,apiService
FNDA:0,listApplications
FNDA:0,getApplication
FNDA:0,createApplication
FNDA:0,updateApplication
FNDA:0,moveApplicationStage
FNDA:0,deleteApplication
FNDA:0,restoreApplication
FNDA:0,getStatusCounts
FNDA:0,getStageHistory
FNDA:0,listStages
FNDA:0,createStage
FNDA:0,updateStage
FNDA:0,archiveStage
FNDA:0,listInterviews
FNDA:0,createInterview
FNDA:0,updateInterview
FNDA:0,deleteInterview
FNDA:0,listReminders
FNDA:0,listUpcomingReminders
FNDA:0,listOverdueReminders
FNDA:0,createReminder
FNDA:0,updateReminder
FNDA:0,deleteReminder
FNDA:0,getDocuments
FNDA:0,updateDocuments
FNDA:0,listNotes
FNDA:0,upsertNote
FNDA:0,listContacts
FNDA:0,createContact
FNDA:0,updateContact
FNDA:0,deleteContact
FNDA:0,listOffers
FNDA:0,createOffer
FNDA:0,updateOffer
FNDA:0,deleteOffer
FNDA:0,getDashboardSummary
FNDA:0,getDashboardTrends
FNDA:0,getActivityLogs
FNDA:0,registerUser
FNDA:0,login
FNDA:0,forgotPassword
FNDA:0,resetPassword
FNDA:0,listUsers
DA:1,1
DA:4,1
DA:9,0
DA:12,0
DA:16,0
DA:20,0
DA:24,0
DA:28,0
DA:32,0
DA:36,0
DA:40,0
DA:44,0
DA:48,0
DA:52,0
DA:56,0
DA:60,0
DA:64,0
DA:68,0
DA:72,0
DA:76,0
DA:80,0
DA:84,0
DA:88,0
DA:92,0
DA:96,0
DA:100,0
DA:104,0
DA:108,0
DA:112,0
DA:116,0
DA:120,0
DA:124,0
DA:128,0
DA:132,0
DA:136,0
DA:140,0
DA:144,0
DA:148,0
DA:152,0
DA:156,0
DA:160,0
DA:164,0
DA:168,0
DA:172,0
DA:176,0
DA:180,0
DA:183,0
DA:230,1
LF:48
LH:3
BRDA:12,0,0,0
BRDA:12,0,1,0
BRDA:156,1,0,0
BRDA:156,1,1,0
BRF:4
BRH:0
end_of_record
TN:
SF:src/app/services/auth.interceptor.js
FN:1,(anonymous_0)
FN:8,authInterceptor
FN:10,(anonymous_2)
FN:17,(anonymous_3)
FNF:4
FNH:3
FNDA:1,(anonymous_0)
FNDA:1,authInterceptor
FNDA:1,(anonymous_2)
FNDA:0,(anonymous_3)
DA:1,1
DA:4,1
DA:9,1
DA:11,1
DA:12,1
DA:13,0
DA:15,1
DA:18,0
DA:19,0
DA:20,0
DA:21,0
DA:22,0
DA:24,0
DA:29,1
LF:14
LH:7
BRDA:12,0,0,0
BRDA:12,0,1,1
BRDA:18,1,0,0
BRDA:18,1,1,0
BRDA:18,1,2,0
BRDA:19,2,0,0
BRDA:19,2,1,0
BRDA:20,3,0,0
BRDA:20,3,1,0
BRDA:20,4,0,0
BRDA:20,4,1,0
BRDA:20,4,2,0
BRF:12
BRH:1
end_of_record
TN:
SF:src/app/services/auth.service.js
FN:1,(anonymous_0)
FN:6,authService
FN:11,load
FN:33,save
FN:37,parseJwt
FN:50,isExpired
FN:57,setToken
FN:71,extractToken
FN:81,login
FN:89,logout
FN:94,isAuthenticated
FN:106,isAdmin
FN:110,getAuthHeader
FN:120,(anonymous_13)
FNF:14
FNH:5
FNDA:1,(anonymous_0)
FNDA:1,authService
FNDA:1,load
FNDA:0,save
FNDA:0,parseJwt
FNDA:0,isExpired
FNDA:0,setToken
FNDA:0,extractToken
FNDA:0,login
FNDA:0,logout
FNDA:2,isAuthenticated
FNDA:0,isAdmin
FNDA:1,getAuthHeader
FNDA:0,(anonymous_13)
DA:1,1
DA:4,1
DA:7,1
DA:9,1
DA:12,1
DA:13,1
DA:14,1
DA:16,0
DA:17,0
DA:18,0
DA:19,0
DA:20,0
DA:21,0
DA:23,0
DA:29,0
DA:34,0
DA:38,0
DA:39,0
DA:41,0
DA:42,0
DA:43,0
DA:44,0
DA:46,0
DA:51,0
DA:52,0
DA:54,0
DA:58,0
DA:59,0
DA:60,0
DA:61,0
DA:64,0
DA:65,0
DA:66,0
DA:67,0
DA:68,0
DA:72,0
DA:73,0
DA:75,0
DA:76,0
DA:78,0
DA:82,0
DA:83,0
DA:84,0
DA:86,0
DA:90,0
DA:91,0
DA:95,2
DA:96,2
DA:98,0
DA:99,0
DA:100,0
DA:101,0
DA:103,0
DA:107,0
DA:111,1
DA:114,1
DA:120,0
DA:124,1
LF:58
LH:12
BRDA:13,0,0,1
BRDA:13,0,1,0
BRDA:18,1,0,0
BRDA:18,1,1,0
BRDA:20,2,0,0
BRDA:20,2,1,0
BRDA:20,3,0,0
BRDA:20,3,1,0
BRDA:25,4,0,0
BRDA:25,4,1,0
BRDA:26,5,0,0
BRDA:26,5,1,0
BRDA:38,6,0,0
BRDA:38,6,1,0
BRDA:51,7,0,0
BRDA:51,7,1,0
BRDA:51,8,0,0
BRDA:51,8,1,0
BRDA:59,9,0,0
BRDA:59,9,1,0
BRDA:59,10,0,0
BRDA:59,10,1,0
BRDA:65,11,0,0
BRDA:65,11,1,0
BRDA:66,12,0,0
BRDA:66,12,1,0
BRDA:72,13,0,0
BRDA:72,13,1,0
BRDA:75,14,0,0
BRDA:75,14,1,0
BRDA:75,15,0,0
BRDA:75,15,1,0
BRDA:76,16,0,0
BRDA:76,16,1,0
BRDA:76,16,2,0
BRDA:83,17,0,0
BRDA:83,17,1,0
BRDA:95,18,0,2
BRDA:95,18,1,0
BRDA:99,19,0,0
BRDA:99,19,1,0
BRDA:99,20,0,0
BRDA:99,20,1,0
BRDA:107,21,0,0
BRDA:107,21,1,0
BRDA:111,22,0,0
BRDA:111,22,1,1
BRF:47
BRH:3
end_of_record
TN:
SF:src/app/services/toast.service.js
FN:1,(anonymous_0)
FN:8,toastService
FN:11,sync
FN:15,show
FN:25,(anonymous_4)
FN:30,remove
FN:31,(anonymous_6)
FN:40,success
FN:44,error
FN:48,info
FNF:10
FNH:1
FNDA:1,(anonymous_0)
FNDA:0,toastService
FNDA:0,sync
FNDA:0,show
FNDA:0,(anonymous_4)
FNDA:0,remove
FNDA:0,(anonymous_6)
FNDA:0,success
FNDA:0,error
FNDA:0,info
DA:1,1
DA:4,1
DA:9,0
DA:12,0
DA:16,0
DA:21,0
DA:22,0
DA:24,0
DA:25,0
DA:26,0
DA:31,0
DA:32,0
DA:34,0
DA:35,0
DA:36,0
DA:41,0
DA:45,0
DA:49,0
DA:52,0
DA:54,0
DA:63,1
LF:21
LH:3
BRDA:18,0,0,0
BRDA:18,0,1,0
BRDA:19,1,0,0
BRDA:19,1,1,0
BRDA:24,2,0,0
BRDA:24,2,1,0
BRDA:34,3,0,0
BRDA:34,3,1,0
BRDA:45,4,0,0
BRDA:45,4,1,0
BRF:10
BRH:0
end_of_record
