TN:
SF:src/app/app.js
FN:1,(anonymous_0)
FN:9,configure
FN:64,runBlock
FN:65,(anonymous_3)
FNF:4
FNH:4
FNDA:1,(anonymous_0)
FNDA:1,configure
FNDA:1,runBlock
FNDA:3,(anonymous_3)
DA:1,1
DA:4,1
DA:11,1
DA:13,1
DA:61,1
DA:65,1
DA:66,3
DA:67,3
DA:68,1
DA:69,1
DA:74,1
DA:75,1
LF:12
LH:12
BRDA:67,0,0,1
BRDA:67,0,1,2
BRDA:67,1,0,3
BRDA:67,1,1,2
BRDA:67,1,2,1
BRF:5
BRH:5
end_of_record
TN:
SF:src/app/controllers/activity.controller.js
FN:1,(anonymous_0)
FN:6,ActivityController
FN:14,(anonymous_2)
FN:17,(anonymous_3)
FNF:4
FNH:1
FNDA:1,(anonymous_0)
FNDA:0,ActivityController
FNDA:0,(anonymous_2)
FNDA:0,(anonymous_3)
DA:1,1
DA:4,1
DA:7,0
DA:8,0
DA:9,0
DA:11,0
DA:12,0
DA:15,0
DA:18,0
DA:22,1
LF:10
LH:3
BRF:0
BRH:0
end_of_record
TN:
SF:src/app/controllers/admin.controller.js
FN:1,(anonymous_0)
FN:6,AdminController
FN:11,(anonymous_2)
FN:15,(anonymous_3)
FN:18,(anonymous_4)
FNF:5
FNH:1
FNDA:1,(anonymous_0)
FNDA:0,AdminController
FNDA:0,(anonymous_2)
FNDA:0,(anonymous_3)
FNDA:0,(anonymous_4)
DA:1,1
DA:4,1
DA:7,0
DA:8,0
DA:9,0
DA:11,0
DA:12,0
DA:13,0
DA:16,0
DA:19,0
DA:23,0
DA:26,1
LF:12
LH:3
BRF:0
BRH:0
end_of_record
TN:
SF:src/app/controllers/application-form.controller.js
FN:1,(anonymous_0)
FN:8,ApplicationFormController
FN:22,(anonymous_2)
FN:25,(anonymous_3)
FN:27,(anonymous_4)
FN:31,(anonymous_5)
FN:36,(anonymous_6)
FNF:7
FNH:1
FNDA:1,(anonymous_0)
FNDA:0,ApplicationFormController
FNDA:0,(anonymous_2)
FNDA:0,(anonymous_3)
FNDA:0,(anonymous_4)
FNDA:0,(anonymous_5)
FNDA:0,(anonymous_6)
DA:1,1
DA:4,1
DA:9,0
DA:10,0
DA:11,0
DA:20,0
DA:22,0
DA:23,0
DA:24,0
DA:25,0
DA:27,0
DA:31,0
DA:32,0
DA:35,0
DA:36,0
DA:37,0
DA:42,1
LF:17
LH:3
BRDA:24,0,0,0
BRDA:24,0,1,0
BRDA:35,1,0,0
BRDA:35,1,1,0
BRF:4
BRH:0
end_of_record
TN:
SF:src/app/controllers/applications.controller.js
FN:1,(anonymous_0)
FN:6,ApplicationsController
FN:13,(anonymous_2)
FN:17,(anonymous_3)
FN:21,(anonymous_4)
FN:24,(anonymous_5)
FN:29,(anonymous_6)
FN:33,(anonymous_7)
FN:40,(anonymous_8)
FN:45,(anonymous_9)
FN:57,(anonymous_10)
FNF:11
FNH:7
FNDA:1,(anonymous_0)
FNDA:1,ApplicationsController
FNDA:1,(anonymous_2)
FNDA:1,(anonymous_3)
FNDA:1,(anonymous_4)
FNDA:1,(anonymous_5)
FNDA:0,(anonymous_6)
FNDA:0,(anonymous_7)
FNDA:0,(anonymous_8)
FNDA:2,(anonymous_9)
FNDA:0,(anonymous_10)
DA:1,1
DA:4,1
DA:7,1
DA:8,1
DA:9,1
DA:10,1
DA:11,1
DA:13,1
DA:14,1
DA:15,1
DA:18,1
DA:19,1
DA:22,1
DA:25,1
DA:29,1
DA:30,0
DA:33,1
DA:34,0
DA:35,0
DA:37,0
DA:40,1
DA:41,0
DA:42,0
DA:45,1
DA:46,2
DA:47,2
DA:48,0
DA:50,2
DA:57,1
DA:58,0
DA:59,0
DA:60,0
DA:61,0
DA:62,0
DA:63,0
DA:64,0
DA:67,1
DA:70,1
LF:38
LH:24
BRDA:34,0,0,0
BRDA:34,0,1,0
BRDA:47,1,0,0
BRDA:47,1,1,2
BRDA:51,2,0,2
BRDA:51,2,1,1
BRDA:51,2,2,1
BRDA:51,3,0,2
BRDA:51,3,1,0
BRDA:52,4,0,1
BRDA:52,4,1,0
BRDA:53,5,0,1
BRDA:53,5,1,0
BRDA:58,6,0,0
BRDA:58,6,1,0
BRDA:59,7,0,0
BRDA:59,7,1,0
BRDA:60,8,0,0
BRDA:60,8,1,0
BRDA:61,9,0,0
BRDA:61,9,1,0
BRDA:62,10,0,0
BRDA:62,10,1,0
BRDA:63,11,0,0
BRDA:63,11,1,0
BRF:25
BRH:7
end_of_record
TN:
SF:src/app/controllers/forgot-password.controller.js
FN:1,(anonymous_0)
FN:6,ForgotPasswordController
FN:12,(anonymous_2)
FN:23,(anonymous_3)
FN:27,(anonymous_4)
FN:32,(anonymous_5)
FN:43,(anonymous_6)
FN:47,(anonymous_7)
FNF:8
FNH:1
FNDA:1,(anonymous_0)
FNDA:0,ForgotPasswordController
FNDA:0,(anonymous_2)
FNDA:0,(anonymous_3)
FNDA:0,(anonymous_4)
FNDA:0,(anonymous_5)
FNDA:0,(anonymous_6)
FNDA:0,(anonymous_7)
DA:1,1
DA:4,1
DA:7,0
DA:8,0
DA:9,0
DA:10,0
DA:12,0
DA:13,0
DA:14,0
DA:16,0
DA:17,0
DA:18,0
DA:21,0
DA:24,0
DA:25,0
DA:28,0
DA:32,0
DA:33,0
DA:34,0
DA:36,0
DA:37,0
DA:38,0
DA:41,0
DA:44,0
DA:45,0
DA:48,0
DA:53,1
LF:27
LH:3
BRDA:16,0,0,0
BRDA:16,0,1,0
BRDA:28,1,0,0
BRDA:28,1,1,0
BRDA:28,1,2,0
BRDA:28,1,3,0
BRDA:36,2,0,0
BRDA:36,2,1,0
BRDA:36,3,0,0
BRDA:36,3,1,0
BRDA:48,4,0,0
BRDA:48,4,1,0
BRDA:48,4,2,0
BRDA:48,4,3,0
BRF:14
BRH:0
end_of_record
TN:
SF:src/app/controllers/kanban.controller.js
FN:1,(anonymous_0)
FN:6,KanbanController
FN:17,(anonymous_2)
FN:27,(anonymous_3)
FN:31,(anonymous_4)
FN:33,(anonymous_5)
FN:34,(anonymous_6)
FN:35,(anonymous_7)
FN:41,(anonymous_8)
FN:46,(anonymous_9)
FNF:10
FNH:1
FNDA:1,(anonymous_0)
FNDA:0,KanbanController
FNDA:0,(anonymous_2)
FNDA:0,(anonymous_3)
FNDA:0,(anonymous_4)
FNDA:0,(anonymous_5)
FNDA:0,(anonymous_6)
FNDA:0,(anonymous_7)
FNDA:0,(anonymous_8)
FNDA:0,(anonymous_9)
DA:1,1
DA:4,1
DA:7,0
DA:8,0
DA:9,0
DA:17,0
DA:18,0
DA:19,0
DA:20,0
DA:21,0
DA:22,0
DA:23,0
DA:24,0
DA:27,0
DA:28,0
DA:29,0
DA:32,0
DA:33,0
DA:34,0
DA:35,0
DA:36,0
DA:37,0
DA:42,0
DA:46,0
DA:47,0
DA:50,0
DA:53,1
LF:27
LH:3
BRDA:18,0,0,0
BRDA:18,0,1,0
BRDA:19,1,0,0
BRDA:19,1,1,0
BRDA:20,2,0,0
BRDA:20,2,1,0
BRDA:21,3,0,0
BRDA:21,3,1,0
BRDA:22,4,0,0
BRDA:22,4,1,0
BRDA:23,5,0,0
BRDA:23,5,1,0
BRDA:36,6,0,0
BRDA:36,6,1,0
BRF:14
BRH:0
end_of_record
TN:
SF:src/app/controllers/login.controller.js
FN:1,(anonymous_0)
FN:6,LoginController
FN:12,(anonymous_2)
FN:20,(anonymous_3)
FN:27,(anonymous_4)
FNF:5
FNH:1
FNDA:1,(anonymous_0)
FNDA:0,LoginController
FNDA:0,(anonymous_2)
FNDA:0,(anonymous_3)
FNDA:0,(anonymous_4)
DA:1,1
DA:4,1
DA:7,0
DA:8,0
DA:9,0
DA:10,0
DA:12,0
DA:13,0
DA:14,0
DA:15,0
DA:18,0
DA:21,0
DA:22,0
DA:23,0
DA:25,0
DA:28,0
DA:33,1
LF:17
LH:3
BRDA:13,0,0,0
BRDA:13,0,1,0
BRDA:13,1,0,0
BRDA:13,1,1,0
BRDA:21,2,0,0
BRDA:21,2,1,0
BRDA:28,3,0,0
BRDA:28,3,1,0
BRDA:28,3,2,0
BRDA:28,3,3,0
BRF:10
BRH:0
end_of_record
TN:
SF:src/app/controllers/nav.controller.js
FN:1,(anonymous_0)
FN:6,NavController
FN:13,(anonymous_2)
FNF:3
FNH:1
FNDA:1,(anonymous_0)
FNDA:0,NavController
FNDA:0,(anonymous_2)
DA:1,1
DA:4,1
DA:7,0
DA:9,0
DA:10,0
DA:11,0
DA:13,0
DA:14,0
DA:15,0
DA:19,1
LF:10
LH:3
BRF:0
BRH:0
end_of_record
TN:
SF:src/app/controllers/signup.controller.js
FN:1,(anonymous_0)
FN:6,SignupController
FN:14,(anonymous_2)
FN:33,(anonymous_3)
FN:37,(anonymous_4)
FN:44,(anonymous_5)
FNF:6
FNH:1
FNDA:1,(anonymous_0)
FNDA:0,SignupController
FNDA:0,(anonymous_2)
FNDA:0,(anonymous_3)
FNDA:0,(anonymous_4)
FNDA:0,(anonymous_5)
DA:1,1
DA:4,1
DA:7,0
DA:8,0
DA:9,0
DA:10,0
DA:11,0
DA:12,0
DA:14,0
DA:15,0
DA:17,0
DA:18,0
DA:19,0
DA:22,0
DA:23,0
DA:24,0
DA:27,0
DA:35,0
DA:38,0
DA:39,0
DA:40,0
DA:42,0
DA:45,0
DA:50,1
LF:24
LH:3
BRDA:17,0,0,0
BRDA:17,0,1,0
BRDA:17,1,0,0
BRDA:17,1,1,0
BRDA:17,1,2,0
BRDA:22,2,0,0
BRDA:22,2,1,0
BRDA:38,3,0,0
BRDA:38,3,1,0
BRDA:45,4,0,0
BRDA:45,4,1,0
BRDA:45,4,2,0
BRDA:45,4,3,0
BRF:13
BRH:0
end_of_record
TN:
SF:src/app/services/api.service.js
FN:1,(anonymous_0)
FN:8,apiService
FN:11,listApplications
FN:15,getApplication
FN:19,createApplication
FN:23,updateApplication
FN:27,deleteApplication
FN:31,getStatusCounts
FN:35,getActivityLogs
FN:39,registerUser
FN:43,login
FN:47,forgotPassword
FN:51,resetPassword
FN:55,listUsers
FNF:14
FNH:1
FNDA:1,(anonymous_0)
FNDA:0,apiService
FNDA:0,listApplications
FNDA:0,getApplication
FNDA:0,createApplication
FNDA:0,updateApplication
FNDA:0,deleteApplication
FNDA:0,getStatusCounts
FNDA:0,getActivityLogs
FNDA:0,registerUser
FNDA:0,login
FNDA:0,forgotPassword
FNDA:0,resetPassword
FNDA:0,listUsers
DA:1,1
DA:4,1
DA:9,0
DA:12,0
DA:16,0
DA:20,0
DA:24,0
DA:28,0
DA:32,0
DA:36,0
DA:40,0
DA:44,0
DA:48,0
DA:52,0
DA:56,0
DA:59,0
DA:75,1
LF:17
LH:3
BRF:0
BRH:0
end_of_record
TN:
SF:src/app/services/auth.interceptor.js
FN:1,(anonymous_0)
FN:8,authInterceptor
FN:10,(anonymous_2)
FN:17,(anonymous_3)
FNF:4
FNH:3
FNDA:1,(anonymous_0)
FNDA:1,authInterceptor
FNDA:1,(anonymous_2)
FNDA:0,(anonymous_3)
DA:1,1
DA:4,1
DA:9,1
DA:11,1
DA:12,1
DA:13,0
DA:15,1
DA:18,0
DA:19,0
DA:20,0
DA:21,0
DA:22,0
DA:24,0
DA:29,1
LF:14
LH:7
BRDA:12,0,0,0
BRDA:12,0,1,1
BRDA:18,1,0,0
BRDA:18,1,1,0
BRDA:18,1,2,0
BRDA:19,2,0,0
BRDA:19,2,1,0
BRDA:20,3,0,0
BRDA:20,3,1,0
BRDA:20,4,0,0
BRDA:20,4,1,0
BRDA:20,4,2,0
BRF:12
BRH:1
end_of_record
TN:
SF:src/app/services/auth.service.js
FN:1,(anonymous_0)
FN:6,authService
FN:11,load
FN:33,save
FN:37,parseJwt
FN:50,isExpired
FN:57,setToken
FN:71,extractToken
FN:81,login
FN:89,logout
FN:94,isAuthenticated
FN:106,isAdmin
FN:110,getAuthHeader
FN:120,(anonymous_13)
FNF:14
FNH:5
FNDA:1,(anonymous_0)
FNDA:1,authService
FNDA:1,load
FNDA:0,save
FNDA:0,parseJwt
FNDA:0,isExpired
FNDA:0,setToken
FNDA:0,extractToken
FNDA:0,login
FNDA:0,logout
FNDA:2,isAuthenticated
FNDA:0,isAdmin
FNDA:1,getAuthHeader
FNDA:0,(anonymous_13)
DA:1,1
DA:4,1
DA:7,1
DA:9,1
DA:12,1
DA:13,1
DA:14,1
DA:16,0
DA:17,0
DA:18,0
DA:19,0
DA:20,0
DA:21,0
DA:23,0
DA:29,0
DA:34,0
DA:38,0
DA:39,0
DA:41,0
DA:42,0
DA:43,0
DA:44,0
DA:46,0
DA:51,0
DA:52,0
DA:54,0
DA:58,0
DA:59,0
DA:60,0
DA:61,0
DA:64,0
DA:65,0
DA:66,0
DA:67,0
DA:68,0
DA:72,0
DA:73,0
DA:75,0
DA:76,0
DA:78,0
DA:82,0
DA:83,0
DA:84,0
DA:86,0
DA:90,0
DA:91,0
DA:95,2
DA:96,2
DA:98,0
DA:99,0
DA:100,0
DA:101,0
DA:103,0
DA:107,0
DA:111,1
DA:114,1
DA:120,0
DA:124,1
LF:58
LH:12
BRDA:13,0,0,1
BRDA:13,0,1,0
BRDA:18,1,0,0
BRDA:18,1,1,0
BRDA:20,2,0,0
BRDA:20,2,1,0
BRDA:20,3,0,0
BRDA:20,3,1,0
BRDA:25,4,0,0
BRDA:25,4,1,0
BRDA:26,5,0,0
BRDA:26,5,1,0
BRDA:38,6,0,0
BRDA:38,6,1,0
BRDA:51,7,0,0
BRDA:51,7,1,0
BRDA:51,8,0,0
BRDA:51,8,1,0
BRDA:59,9,0,0
BRDA:59,9,1,0
BRDA:59,10,0,0
BRDA:59,10,1,0
BRDA:65,11,0,0
BRDA:65,11,1,0
BRDA:66,12,0,0
BRDA:66,12,1,0
BRDA:72,13,0,0
BRDA:72,13,1,0
BRDA:75,14,0,0
BRDA:75,14,1,0
BRDA:75,15,0,0
BRDA:75,15,1,0
BRDA:76,16,0,0
BRDA:76,16,1,0
BRDA:76,16,2,0
BRDA:83,17,0,0
BRDA:83,17,1,0
BRDA:95,18,0,2
BRDA:95,18,1,0
BRDA:99,19,0,0
BRDA:99,19,1,0
BRDA:99,20,0,0
BRDA:99,20,1,0
BRDA:107,21,0,0
BRDA:107,21,1,0
BRDA:111,22,0,0
BRDA:111,22,1,1
BRF:47
BRH:3
end_of_record
